<?xml version="1.0" encoding="UTF-8"?>
<!-- Generated by org.testng.reporters.JUnitXMLReporter -->
<testsuite ignored="0" hostname="Tilak" failures="0" tests="4" name="Test" time="96.422" errors="0" timestamp="2022-12-04T13:27:58 IST">
  <testcase classname="selenium.testscript.CustomerCreation" name="customerCreation" time="13.672"/>
  <testcase classname="selenium.testscript.AlertPopup" name="alertPopup" time="7.56"/>
  <testcase classname="selenium.testscript.DropdownHandling" name="dropdownHandle" time="10.012"/>
  <testcase classname="selenium.testscript.HiddenDivison" name="hiddenDivison" time="6.28"/>
</testsuite> <!-- Test -->
